\BOOKMARK [0][-]{chapter.1}{\376\377\137\040\221\317\122\006\147\220}{}% 1
\BOOKMARK [1][-]{section.1.1}{\376\377\000c\000l\000a\000s\000s\000\040\0001\0004}{chapter.1}% 2
\BOOKMARK [1][-]{section.1.2}{\376\377\000c\000l\000a\000s\000s\000\040\0001\0005}{chapter.1}% 3
\BOOKMARK [1][-]{section.1.3}{\376\377\000c\000l\000a\000s\000s\000\040\0001\0006}{chapter.1}% 4
\BOOKMARK [0][-]{chapter.2}{\376\377\155\101\117\123\127\372\147\054\155\101\122\250}{}% 5
\BOOKMARK [1][-]{section.2.1}{\376\377\000c\000l\000a\000s\000s\000\040\0001\0007}{chapter.2}% 6
\BOOKMARK [1][-]{section.2.2}{\376\377\000c\000l\000a\000s\000s\000\040\0001\0008}{chapter.2}% 7
\BOOKMARK [1][-]{section.2.3}{\376\377\000c\000l\000a\000s\000s\000\040\0001\0009}{chapter.2}% 8
\BOOKMARK [1][-]{section.2.4}{\376\377\000c\000l\000a\000s\000s\000\040\0002\0000}{chapter.2}% 9
\BOOKMARK [1][-]{section.2.5}{\376\377\000c\000l\000a\000s\000s\000\040\0002\0001}{chapter.2}% 10
\BOOKMARK [1][-]{section.2.6}{\376\377\000c\000l\000a\000s\000s\000\040\0002\0002}{chapter.2}% 11
\BOOKMARK [0][-]{chapter.3}{\376\377\000c\000u\000r\000v\000i\000l\000i\000n\000e\000a\000r\000\040\000c\000o\000o\000r\000d\000i\000n\000a\000t\000e\000s\146\362\176\277\000\050\146\362\176\271\000\051\127\120\150\007\174\373}{}% 12
\BOOKMARK [1][-]{section.3.1}{\376\377\000c\000l\000a\000s\000s\000\040\0002\0003}{chapter.3}% 13
\BOOKMARK [1][-]{section.3.2}{\376\377\000c\000l\000a\000s\000s\000\040\0002\0004}{chapter.3}% 14
\BOOKMARK [1][-]{section.3.3}{\376\377\000c\000l\000a\000s\000s\000\040\0002\0005}{chapter.3}% 15
\BOOKMARK [1][-]{section.3.4}{\376\377\000c\000l\000a\000s\000s\000\040\0002\0006}{chapter.3}% 16
\BOOKMARK [0][-]{chapter.4}{\376\377\137\040\221\317\217\320\173\227}{}% 17
\BOOKMARK [1][-]{section.4.1}{\376\377\000c\000l\000a\000s\000s\000\040\0002\0007}{chapter.4}% 18
\BOOKMARK [1][-]{section.4.2}{\376\377\000c\000l\000a\000s\000s\000\040\0002\0008}{chapter.4}% 19
\BOOKMARK [1][-]{section.4.3}{\376\377\000c\000l\000a\000s\000s\000\040\0002\0009}{chapter.4}% 20
\BOOKMARK [1][-]{section.4.4}{\376\377\000c\000l\000a\000s\000s\000\040\0003\0000}{chapter.4}% 21
\BOOKMARK [0][-]{chapter.5}{\376\377\147\204\137\142\000c\000o\000n\000f\000i\000g\000u\000r\000a\000t\000i\000o\000n}{}% 22
\BOOKMARK [1][-]{section.5.1}{\376\377\000c\000l\000a\000s\000s\000\040\0003\0001}{chapter.5}% 23
\BOOKMARK [1][-]{section.5.2}{\376\377\000c\000l\000a\000s\000s\000\040\0003\0002}{chapter.5}% 24
\BOOKMARK [1][-]{section.5.3}{\376\377\000c\000l\000a\000s\000s\000\040\0003\0003}{chapter.5}% 25
\BOOKMARK [1][-]{section.5.4}{\376\377\000c\000l\000a\000s\000s\000\040\0003\0004}{chapter.5}% 26
\BOOKMARK [0][-]{chapter.6}{\376\377\133\210\140\122\137\213\116\016\127\072\145\271\172\013}{}% 27
\BOOKMARK [1][-]{section.6.1}{\376\377\000c\000l\000a\000s\000s\000\040\0003\0005}{chapter.6}% 28
\BOOKMARK [1][-]{section.6.2}{\376\377\000c\000l\000a\000s\000s\000\040\0003\0006}{chapter.6}% 29
\BOOKMARK [1][-]{section.6.3}{\376\377\000c\000l\000a\000s\000s\000\040\0003\0007}{chapter.6}% 30
\BOOKMARK [0][-]{chapter.7}{\376\377\133\242\211\302\140\047}{}% 31
\BOOKMARK [1][-]{section.7.1}{\376\377\000c\000l\000a\000s\000s\000\040\0003\0009}{chapter.7}% 32
\BOOKMARK [1][-]{section.7.2}{\376\377\000c\000l\000a\000s\000s\000\040\0003\0009}{chapter.7}% 33
\BOOKMARK [1][-]{section.7.3}{\376\377\000c\000l\000a\000s\000s\000\040\0004\0000}{chapter.7}% 34
